# JRE version: Java(TM) SE Runtime Environment (8.0_73-b02) (build 1.8.0_73-b02)
# Java VM: Java HotSpot(TM) 64-Bit Server VM (25.73-b02 mixed mode bsd-amd64 compressed oops)
Heap:
 PSYoungGen      total 38400K, used 13508K [0x0000000795580000, 0x000000079a080000, 0x00000007c0000000)
  eden space 33280K, 40% used [0x0000000795580000,0x00000007962b11a0,0x0000000797600000)
  from space 5120K, 0% used [0x0000000797b00000,0x0000000797b00000,0x0000000798000000)
  to   space 5120K, 0% used [0x0000000797600000,0x0000000797600000,0x0000000797b00000)
 ParOldGen       total 58368K, used 9180K [0x0000000740000000, 0x0000000743900000, 0x0000000795580000)
  object space 58368K, 15% used [0x0000000740000000,0x00000007408f7168,0x0000000743900000)
 Metaspace       used 23156K, capacity 23528K, committed 23808K, reserved 1071104K
  class space    used 2900K, capacity 3026K, committed 3072K, reserved 1048576K
GC Heap History (6 events):
Event: 3.035 GC heap before
{Heap before GC invocations=1 (full 0):
 PSYoungGen      total 38400K, used 33280K [0x0000000795580000, 0x0000000798000000, 0x00000007c0000000)
  eden space 33280K, 100% used [0x0000000795580000,0x0000000797600000,0x0000000797600000)
  from space 5120K, 0% used [0x0000000797b00000,0x0000000797b00000,0x0000000798000000)
  to   space 5120K, 0% used [0x0000000797600000,0x0000000797600000,0x0000000797b00000)
 ParOldGen       total 87552K, used 0K [0x0000000740000000, 0x0000000745580000, 0x0000000795580000)
  object space 87552K, 0% used [0x0000000740000000,0x0000000740000000,0x0000000745580000)
 Metaspace       used 19664K, capacity 19920K, committed 20352K, reserved 1067008K
  class space    used 2539K, capacity 2628K, committed 2688K, reserved 1048576K
Event: 3.046 GC heap after
Heap after GC invocations=1 (full 0):
 PSYoungGen      total 38400K, used 5095K [0x0000000795580000, 0x0000000798000000, 0x00000007c0000000)
  eden space 33280K, 0% used [0x0000000795580000,0x0000000795580000,0x0000000797600000)
  from space 5120K, 99% used [0x0000000797600000,0x0000000797af9e50,0x0000000797b00000)
  to   space 5120K, 0% used [0x0000000797b00000,0x0000000797b00000,0x0000000798000000)
 ParOldGen       total 87552K, used 4608K [0x0000000740000000, 0x0000000745580000, 0x0000000795580000)
  object space 87552K, 5% used [0x0000000740000000,0x0000000740480218,0x0000000745580000)
 Metaspace       used 19664K, capacity 19920K, committed 20352K, reserved 1067008K
  class space    used 2539K, capacity 2628K, committed 2688K, reserved 1048576K
}
Event: 3.187 GC heap before
{Heap before GC invocations=2 (full 0):
 PSYoungGen      total 38400K, used 11422K [0x0000000795580000, 0x0000000798000000, 0x00000007c0000000)
  eden space 33280K, 19% used [0x0000000795580000,0x0000000795badb60,0x0000000797600000)
  from space 5120K, 99% used [0x0000000797600000,0x0000000797af9e50,0x0000000797b00000)
  to   space 5120K, 0% used [0x0000000797b00000,0x0000000797b00000,0x0000000798000000)
 ParOldGen       total 87552K, used 4608K [0x0000000740000000, 0x0000000745580000, 0x0000000795580000)
  object space 87552K, 5% used [0x0000000740000000,0x0000000740480218,0x0000000745580000)
 Metaspace       used 20751K, capacity 20976K, committed 21248K, reserved 1067008K
  class space    used 2639K, capacity 2724K, committed 2816K, reserved 1048576K
Event: 3.194 GC heap after
Heap after GC invocations=2 (full 0):
 PSYoungGen      total 38400K, used 5101K [0x0000000795580000, 0x000000079a080000, 0x00000007c0000000)
  eden space 33280K, 0% used [0x0000000795580000,0x0000000795580000,0x0000000797600000)
  from space 5120K, 99% used [0x0000000797b00000,0x0000000797ffb690,0x0000000798000000)
  to   space 5120K, 0% used [0x0000000797600000,0x0000000797600000,0x0000000797b00000)
 ParOldGen       total 87552K, used 6022K [0x0000000740000000, 0x0000000745580000, 0x0000000795580000)
  object space 87552K, 6% used [0x0000000740000000,0x00000007405e1850,0x0000000745580000)
 Metaspace       used 20751K, capacity 20976K, committed 21248K, reserved 1067008K
  class space    used 2639K, capacity 2724K, committed 2816K, reserved 1048576K
}
Event: 3.194 GC heap before
{Heap before GC invocations=3 (full 1):
 PSYoungGen      total 38400K, used 5101K [0x0000000795580000, 0x000000079a080000, 0x00000007c0000000)
  eden space 33280K, 0% used [0x0000000795580000,0x0000000795580000,0x0000000797600000)
  from space 5120K, 99% used [0x0000000797b00000,0x0000000797ffb690,0x0000000798000000)
  to   space 5120K, 0% used [0x0000000797600000,0x0000000797600000,0x0000000797b00000)
 ParOldGen       total 87552K, used 6022K [0x0000000740000000, 0x0000000745580000, 0x0000000795580000)
  object space 87552K, 6% used [0x0000000740000000,0x00000007405e1850,0x0000000745580000)
 Metaspace       used 20751K, capacity 20976K, committed 21248K, reserved 1067008K
  class space    used 2639K, capacity 2724K, committed 2816K, reserved 1048576K
Event: 3.227 GC heap after
Heap after GC invocations=3 (full 1):
 PSYoungGen      total 38400K, used 0K [0x0000000795580000, 0x000000079a080000, 0x00000007c0000000)
  eden space 33280K, 0% used [0x0000000795580000,0x0000000795580000,0x0000000797600000)
  from space 5120K, 0% used [0x0000000797b00000,0x0000000797b00000,0x0000000798000000)
  to   space 5120K, 0% used [0x0000000797600000,0x0000000797600000,0x0000000797b00000)
 ParOldGen       total 58368K, used 9180K [0x0000000740000000, 0x0000000743900000, 0x0000000795580000)
  object space 58368K, 15% used [0x0000000740000000,0x00000007408f7168,0x0000000743900000)
 Metaspace       used 20751K, capacity 20976K, committed 21248K, reserved 1067008K
  class space    used 2639K, capacity 2724K, committed 2816K, reserved 1048576K
}

